<?xml version="1.0" encoding="UTF-8"?>
<!-- Generated by org.testng.reporters.JUnitXMLReporter -->
<testsuite ignored="0" hostname="LAPTOP-ERDK0JKG" failures="0" tests="3" name="Default test" time="0.864" errors="0" timestamp="2024-02-17T23:16:09 IST">
  <testcase classname="dataDriven.excelDataProvider.Dataprovider" name="testCaseData" time="0.01"/>
  <testcase classname="dataDriven.excelDataProvider.Dataprovider" name="testCaseData" time="0.002"/>
  <testcase classname="dataDriven.excelDataProvider.Dataprovider" name="testCaseData" time="0.002"/>
</testsuite> <!-- Default test -->
